nohup: ignoring input
INFO:     Will watch for changes in these directories: ['/home/karia/Book-keeping-System-/Backend']
INFO:     Uvicorn running on http://127.0.0.1:8000 (Press CTRL+C to quit)
INFO:     Started reloader process [10572] using WatchFiles
INFO:     Started server process [10626]
INFO:     Waiting for application startup.
INFO:     Application startup complete.
INFO:     127.0.0.1:55486 - "GET / HTTP/1.1" 404 Not Found
INFO:     127.0.0.1:49510 - "POST /auth/login HTTP/1.1" 500 Internal Server Error
ERROR:    Exception in ASGI application
Traceback (most recent call last):
  File "/home/karia/.pyenv/versions/3.9.18/lib/python3.9/site-packages/sqlalchemy/engine/base.py", line 1967, in _exec_single_context
    self.dialect.do_execute(
  File "/home/karia/.pyenv/versions/3.9.18/lib/python3.9/site-packages/sqlalchemy/engine/default.py", line 952, in do_execute
    cursor.execute(statement, parameters)
sqlite3.OperationalError: no such table: users

The above exception was the direct cause of the following exception:

Traceback (most recent call last):
  File "/home/karia/.pyenv/versions/3.9.18/lib/python3.9/site-packages/uvicorn/protocols/http/httptools_impl.py", line 409, in run_asgi
    result = await app(  # type: ignore[func-returns-value]
  File "/home/karia/.pyenv/versions/3.9.18/lib/python3.9/site-packages/uvicorn/middleware/proxy_headers.py", line 60, in __call__
    return await self.app(scope, receive, send)
  File "/home/karia/.pyenv/versions/3.9.18/lib/python3.9/site-packages/fastapi/applications.py", line 1139, in __call__
    await super().__call__(scope, receive, send)
  File "/home/karia/.pyenv/versions/3.9.18/lib/python3.9/site-packages/starlette/applications.py", line 113, in __call__
    await self.middleware_stack(scope, receive, send)
  File "/home/karia/.pyenv/versions/3.9.18/lib/python3.9/site-packages/starlette/middleware/errors.py", line 186, in __call__
    raise exc
  File "/home/karia/.pyenv/versions/3.9.18/lib/python3.9/site-packages/starlette/middleware/errors.py", line 164, in __call__
    await self.app(scope, receive, _send)
  File "/home/karia/.pyenv/versions/3.9.18/lib/python3.9/site-packages/starlette/middleware/cors.py", line 85, in __call__
    await self.app(scope, receive, send)
  File "/home/karia/.pyenv/versions/3.9.18/lib/python3.9/site-packages/starlette/middleware/exceptions.py", line 63, in __call__
    await wrap_app_handling_exceptions(self.app, conn)(scope, receive, send)
  File "/home/karia/.pyenv/versions/3.9.18/lib/python3.9/site-packages/starlette/_exception_handler.py", line 53, in wrapped_app
    raise exc
  File "/home/karia/.pyenv/versions/3.9.18/lib/python3.9/site-packages/starlette/_exception_handler.py", line 42, in wrapped_app
    await app(scope, receive, sender)
  File "/home/karia/.pyenv/versions/3.9.18/lib/python3.9/site-packages/fastapi/middleware/asyncexitstack.py", line 18, in __call__
    await self.app(scope, receive, send)
  File "/home/karia/.pyenv/versions/3.9.18/lib/python3.9/site-packages/starlette/routing.py", line 716, in __call__
    await self.middleware_stack(scope, receive, send)
  File "/home/karia/.pyenv/versions/3.9.18/lib/python3.9/site-packages/starlette/routing.py", line 736, in app
    await route.handle(scope, receive, send)
  File "/home/karia/.pyenv/versions/3.9.18/lib/python3.9/site-packages/starlette/routing.py", line 290, in handle
    await self.app(scope, receive, send)
  File "/home/karia/.pyenv/versions/3.9.18/lib/python3.9/site-packages/fastapi/routing.py", line 120, in app
    await wrap_app_handling_exceptions(app, request)(scope, receive, send)
  File "/home/karia/.pyenv/versions/3.9.18/lib/python3.9/site-packages/starlette/_exception_handler.py", line 53, in wrapped_app
    raise exc
  File "/home/karia/.pyenv/versions/3.9.18/lib/python3.9/site-packages/starlette/_exception_handler.py", line 42, in wrapped_app
    await app(scope, receive, sender)
  File "/home/karia/.pyenv/versions/3.9.18/lib/python3.9/site-packages/fastapi/routing.py", line 106, in app
    response = await f(request)
  File "/home/karia/.pyenv/versions/3.9.18/lib/python3.9/site-packages/fastapi/routing.py", line 430, in app
    raw_response = await run_endpoint_function(
  File "/home/karia/.pyenv/versions/3.9.18/lib/python3.9/site-packages/fastapi/routing.py", line 318, in run_endpoint_function
    return await run_in_threadpool(dependant.call, **values)
  File "/home/karia/.pyenv/versions/3.9.18/lib/python3.9/site-packages/starlette/concurrency.py", line 38, in run_in_threadpool
    return await anyio.to_thread.run_sync(func)
  File "/home/karia/.pyenv/versions/3.9.18/lib/python3.9/site-packages/anyio/to_thread.py", line 33, in run_sync
    return await get_asynclib().run_sync_in_worker_thread(
  File "/home/karia/.pyenv/versions/3.9.18/lib/python3.9/site-packages/anyio/_backends/_asyncio.py", line 877, in run_sync_in_worker_thread
    return await future
  File "/home/karia/.pyenv/versions/3.9.18/lib/python3.9/site-packages/anyio/_backends/_asyncio.py", line 807, in run
    result = context.run(func, *args)
  File "/home/karia/Book-keeping-System-/Backend/app/routes/auth.py", line 54, in login_for_access_token
    user = db.query(User).filter(User.email == form_data.username).first()
  File "/home/karia/.pyenv/versions/3.9.18/lib/python3.9/site-packages/sqlalchemy/orm/query.py", line 2759, in first
    return self.limit(1)._iter().first()  # type: ignore
  File "/home/karia/.pyenv/versions/3.9.18/lib/python3.9/site-packages/sqlalchemy/orm/query.py", line 2857, in _iter
    result: Union[ScalarResult[_T], Result[_T]] = self.session.execute(
  File "/home/karia/.pyenv/versions/3.9.18/lib/python3.9/site-packages/sqlalchemy/orm/session.py", line 2351, in execute
    return self._execute_internal(
  File "/home/karia/.pyenv/versions/3.9.18/lib/python3.9/site-packages/sqlalchemy/orm/session.py", line 2249, in _execute_internal
    result: Result[Any] = compile_state_cls.orm_execute_statement(
  File "/home/karia/.pyenv/versions/3.9.18/lib/python3.9/site-packages/sqlalchemy/orm/context.py", line 306, in orm_execute_statement
    result = conn.execute(
  File "/home/karia/.pyenv/versions/3.9.18/lib/python3.9/site-packages/sqlalchemy/engine/base.py", line 1419, in execute
    return meth(
  File "/home/karia/.pyenv/versions/3.9.18/lib/python3.9/site-packages/sqlalchemy/sql/elements.py", line 527, in _execute_on_connection
    return connection._execute_clauseelement(
  File "/home/karia/.pyenv/versions/3.9.18/lib/python3.9/site-packages/sqlalchemy/engine/base.py", line 1641, in _execute_clauseelement
    ret = self._execute_context(
  File "/home/karia/.pyenv/versions/3.9.18/lib/python3.9/site-packages/sqlalchemy/engine/base.py", line 1846, in _execute_context
    return self._exec_single_context(
  File "/home/karia/.pyenv/versions/3.9.18/lib/python3.9/site-packages/sqlalchemy/engine/base.py", line 1986, in _exec_single_context
    self._handle_dbapi_exception(
  File "/home/karia/.pyenv/versions/3.9.18/lib/python3.9/site-packages/sqlalchemy/engine/base.py", line 2363, in _handle_dbapi_exception
    raise sqlalchemy_exception.with_traceback(exc_info[2]) from e
  File "/home/karia/.pyenv/versions/3.9.18/lib/python3.9/site-packages/sqlalchemy/engine/base.py", line 1967, in _exec_single_context
    self.dialect.do_execute(
  File "/home/karia/.pyenv/versions/3.9.18/lib/python3.9/site-packages/sqlalchemy/engine/default.py", line 952, in do_execute
    cursor.execute(statement, parameters)
sqlalchemy.exc.OperationalError: (sqlite3.OperationalError) no such table: users
[SQL: SELECT users.id AS users_id, users.email AS users_email, users.hashed_password AS users_hashed_password, users.is_active AS users_is_active, users.role AS users_role 
FROM users 
WHERE users.email = ?
 LIMIT ? OFFSET ?]
[parameters: ('admin@matura.co', 1, 0)]
(Background on this error at: https://sqlalche.me/e/20/e3q8)
